<?xml version="1.0" encoding="UTF-8"?>
<!-- Generated by org.testng.reporters.JUnitReportReporter -->
<testsuite skipped="0" hostname="KKULLANPF1GQ45C" name="com.nopcommerce.testCases.TC_LoginTest_001" tests="3" failures="0" timestamp="21 Jul 2019 10:30:11 GMT" time="32.493" errors="0">
  <testcase name="loginTest" time="10.662" classname="com.nopcommerce.testCases.TC_LoginTest_001"/>
  <testcase name="loginTest" time="10.239" classname="com.nopcommerce.testCases.TC_LoginTest_001"/>
  <testcase name="loginTest" time="11.592" classname="com.nopcommerce.testCases.TC_LoginTest_001"/>
</testsuite> <!-- com.nopcommerce.testCases.TC_LoginTest_001 -->
